app/build/intermediates/manifest_merge_blame_file/release/processReleaseMainManifest/manifest-merger-blame-release-report.txt
1<?xml version="1.0" encoding="utf-8"?>
2<manifest xmlns:android="http://schemas.android.com/apk/res/android"
3    package="com.network24.player"
4    android:versionCode="16"
5    android:versionName="2.1" >
6
7    <uses-sdk
8        android:minSdkVersion="26"
9        android:targetSdkVersion="36" />
10
11    <uses-permission android:name="android.permission.INTERNET" />
11-->src\main\AndroidManifest.xml:5:5-67
11-->src\main\AndroidManifest.xml:5:22-64
12    <uses-permission android:name="android.permission.REQUEST_INSTALL_PACKAGES" />
12-->src\main\AndroidManifest.xml:6:5-82
12-->src\main\AndroidManifest.xml:6:22-80
13
14    <uses-feature
14-->src\main\AndroidManifest.xml:8:5-10:36
15        android:name="android.software.leanback"
15-->src\main\AndroidManifest.xml:9:9-49
16        android:required="false" />
16-->src\main\AndroidManifest.xml:10:9-33
17    <uses-feature
17-->src\main\AndroidManifest.xml:11:5-13:36
18        android:name="android.hardware.touchscreen"
18-->src\main\AndroidManifest.xml:12:9-52
19        android:required="false" />
19-->src\main\AndroidManifest.xml:13:9-33
20
21    <uses-permission android:name="android.permission.ACCESS_NETWORK_STATE" />
21-->[androidx.media3:media3-exoplayer:1.8.0] AndroidManifest.xml:22:5-79
21-->[androidx.media3:media3-exoplayer:1.8.0] AndroidManifest.xml:22:22-76
22
23    <permission
23-->[androidx.core:core:1.16.0] AndroidManifest.xml:22:5-24:47
24        android:name="com.network24.player.DYNAMIC_RECEIVER_NOT_EXPORTED_PERMISSION"
24-->[androidx.core:core:1.16.0] AndroidManifest.xml:23:9-81
25        android:protectionLevel="signature" />
25-->[androidx.core:core:1.16.0] AndroidManifest.xml:24:9-44
26
27    <uses-permission android:name="com.network24.player.DYNAMIC_RECEIVER_NOT_EXPORTED_PERMISSION" />
27-->[androidx.core:core:1.16.0] AndroidManifest.xml:26:5-97
27-->[androidx.core:core:1.16.0] AndroidManifest.xml:26:22-94
28
29    <application
29-->src\main\AndroidManifest.xml:15:5-89:19
30        android:name="com.network24.player.Network24App"
30-->src\main\AndroidManifest.xml:22:9-37
31        android:allowBackup="true"
31-->src\main\AndroidManifest.xml:16:9-35
32        android:appComponentFactory="androidx.core.app.CoreComponentFactory"
32-->[androidx.core:core:1.16.0] AndroidManifest.xml:28:18-86
33        android:banner="@drawable/tv_banner"
33-->src\main\AndroidManifest.xml:21:9-45
34        android:dataExtractionRules="@xml/data_extraction_rules"
34-->src\main\AndroidManifest.xml:17:9-65
35        android:extractNativeLibs="false"
36        android:fullBackupContent="@xml/backup_rules"
36-->src\main\AndroidManifest.xml:18:9-54
37        android:icon="@mipmap/ic_launcher"
37-->src\main\AndroidManifest.xml:19:9-43
38        android:label="@string/app_name"
38-->src\main\AndroidManifest.xml:20:9-41
39        android:roundIcon="@mipmap/ic_launcher_round"
39-->src\main\AndroidManifest.xml:23:9-54
40        android:supportsRtl="true"
40-->src\main\AndroidManifest.xml:25:9-35
41        android:theme="@style/Theme.Network24"
41-->src\main\AndroidManifest.xml:27:9-47
42        android:usesCleartextTraffic="true" >
42-->src\main\AndroidManifest.xml:26:9-44
43        <provider
44            android:name="androidx.core.content.FileProvider"
44-->src\main\AndroidManifest.xml:30:13-62
45            android:authorities="com.network24.player.provider"
45-->src\main\AndroidManifest.xml:31:13-60
46            android:exported="false"
46-->src\main\AndroidManifest.xml:32:13-37
47            android:grantUriPermissions="true" >
47-->src\main\AndroidManifest.xml:33:13-47
48            <meta-data
48-->src\main\AndroidManifest.xml:35:13-37:53
49                android:name="android.support.FILE_PROVIDER_PATHS"
49-->src\main\AndroidManifest.xml:36:17-67
50                android:resource="@xml/file_paths" />
50-->src\main\AndroidManifest.xml:37:17-51
51        </provider>
52
53        <activity
53-->src\main\AndroidManifest.xml:41:9-44:53
54            android:name="com.network24.player.features.player.activity.PlayerActivity"
54-->src\main\AndroidManifest.xml:42:13-68
55            android:exported="false"
55-->src\main\AndroidManifest.xml:43:13-37
56            android:screenOrientation="landscape" />
56-->src\main\AndroidManifest.xml:44:13-50
57        <activity
57-->src\main\AndroidManifest.xml:46:9-49:53
58            android:name="com.network24.player.features.live.activity.ChannelListActivity"
58-->src\main\AndroidManifest.xml:47:13-71
59            android:exported="false"
59-->src\main\AndroidManifest.xml:48:13-37
60            android:screenOrientation="landscape" />
60-->src\main\AndroidManifest.xml:49:13-50
61        <activity
61-->src\main\AndroidManifest.xml:50:9-53:53
62            android:name="com.network24.player.features.live.activity.FavouriteChannelsActivity"
62-->src\main\AndroidManifest.xml:51:13-77
63            android:exported="false"
63-->src\main\AndroidManifest.xml:52:13-37
64            android:screenOrientation="landscape" />
64-->src\main\AndroidManifest.xml:53:13-50
65        <activity
65-->src\main\AndroidManifest.xml:55:9-58:53
66            android:name="com.network24.player.features.login.activity.LoginActivity"
66-->src\main\AndroidManifest.xml:56:13-66
67            android:exported="false"
67-->src\main\AndroidManifest.xml:57:13-37
68            android:screenOrientation="landscape" />
68-->src\main\AndroidManifest.xml:58:13-50
69        <activity
69-->src\main\AndroidManifest.xml:60:9-62:49
70            android:name="com.network24.player.features.chat.activity.ChatHubActivity"
70-->src\main\AndroidManifest.xml:60:19-93
71            android:exported="false"
71-->src\main\AndroidManifest.xml:61:9-33
72            android:screenOrientation="landscape" />
72-->src\main\AndroidManifest.xml:62:9-46
73        <activity
73-->src\main\AndroidManifest.xml:64:9-67:52
74            android:name="com.network24.player.features.dashboard.activity.DashboardActivity"
74-->src\main\AndroidManifest.xml:65:13-74
75            android:exported="false"
75-->src\main\AndroidManifest.xml:66:13-37
76            android:screenOrientation="landscape" />
76-->src\main\AndroidManifest.xml:67:13-50
77        <activity
77-->src\main\AndroidManifest.xml:69:9-72:48
78            android:name="com.network24.player.features.live.activity.LiveCategoryActivity"
78-->src\main\AndroidManifest.xml:70:9-68
79            android:exported="false"
79-->src\main\AndroidManifest.xml:71:9-33
80            android:screenOrientation="landscape" />
80-->src\main\AndroidManifest.xml:72:9-46
81        <activity
81-->src\main\AndroidManifest.xml:74:9-87:20
82            android:name="com.network24.player.features.splash.activity.SplashActivity"
82-->src\main\AndroidManifest.xml:75:13-68
83            android:banner="@drawable/tv_banner"
83-->src\main\AndroidManifest.xml:78:13-49
84            android:exported="true"
84-->src\main\AndroidManifest.xml:76:13-36
85            android:screenOrientation="landscape" >
85-->src\main\AndroidManifest.xml:77:13-50
86            <intent-filter>
86-->src\main\AndroidManifest.xml:80:13-85:29
87                <action android:name="android.intent.action.MAIN" />
87-->src\main\AndroidManifest.xml:81:17-69
87-->src\main\AndroidManifest.xml:81:25-66
88
89                <category android:name="android.intent.category.LAUNCHER" />
89-->src\main\AndroidManifest.xml:83:17-77
89-->src\main\AndroidManifest.xml:83:27-74
90                <category android:name="android.intent.category.LEANBACK_LAUNCHER" />
90-->src\main\AndroidManifest.xml:84:17-86
90-->src\main\AndroidManifest.xml:84:27-83
91            </intent-filter>
92        </activity>
93
94        <service
94-->[com.google.firebase:firebase-firestore-ktx:25.0.0] AndroidManifest.xml:9:9-15:19
95            android:name="com.google.firebase.components.ComponentDiscoveryService"
95-->[com.google.firebase:firebase-firestore-ktx:25.0.0] AndroidManifest.xml:10:13-84
96            android:directBootAware="true"
96-->[com.google.firebase:firebase-common:21.0.0] AndroidManifest.xml:32:13-43
97            android:exported="false" >
97-->[com.google.firebase:firebase-firestore-ktx:25.0.0] AndroidManifest.xml:11:13-37
98            <meta-data
98-->[com.google.firebase:firebase-firestore-ktx:25.0.0] AndroidManifest.xml:12:13-14:85
99                android:name="com.google.firebase.components:com.google.firebase.firestore.ktx.FirebaseFirestoreLegacyRegistrar"
99-->[com.google.firebase:firebase-firestore-ktx:25.0.0] AndroidManifest.xml:13:17-129
100                android:value="com.google.firebase.components.ComponentRegistrar" />
100-->[com.google.firebase:firebase-firestore-ktx:25.0.0] AndroidManifest.xml:14:17-82
101            <meta-data
101-->[com.google.firebase:firebase-firestore:25.0.0] AndroidManifest.xml:17:13-19:85
102                android:name="com.google.firebase.components:com.google.firebase.firestore.FirebaseFirestoreKtxRegistrar"
102-->[com.google.firebase:firebase-firestore:25.0.0] AndroidManifest.xml:18:17-122
103                android:value="com.google.firebase.components.ComponentRegistrar" />
103-->[com.google.firebase:firebase-firestore:25.0.0] AndroidManifest.xml:19:17-82
104            <meta-data
104-->[com.google.firebase:firebase-firestore:25.0.0] AndroidManifest.xml:20:13-22:85
105                android:name="com.google.firebase.components:com.google.firebase.firestore.FirestoreRegistrar"
105-->[com.google.firebase:firebase-firestore:25.0.0] AndroidManifest.xml:21:17-111
106                android:value="com.google.firebase.components.ComponentRegistrar" />
106-->[com.google.firebase:firebase-firestore:25.0.0] AndroidManifest.xml:22:17-82
107            <meta-data
107-->[com.google.firebase:firebase-common-ktx:21.0.0] AndroidManifest.xml:12:13-14:85
108                android:name="com.google.firebase.components:com.google.firebase.ktx.FirebaseCommonLegacyRegistrar"
108-->[com.google.firebase:firebase-common-ktx:21.0.0] AndroidManifest.xml:13:17-116
109                android:value="com.google.firebase.components.ComponentRegistrar" />
109-->[com.google.firebase:firebase-common-ktx:21.0.0] AndroidManifest.xml:14:17-82
110            <meta-data
110-->[com.google.firebase:firebase-common:21.0.0] AndroidManifest.xml:35:13-37:85
111                android:name="com.google.firebase.components:com.google.firebase.FirebaseCommonKtxRegistrar"
111-->[com.google.firebase:firebase-common:21.0.0] AndroidManifest.xml:36:17-109
112                android:value="com.google.firebase.components.ComponentRegistrar" />
112-->[com.google.firebase:firebase-common:21.0.0] AndroidManifest.xml:37:17-82
113        </service>
114
115        <activity
115-->[com.google.android.gms:play-services-base:18.0.1] AndroidManifest.xml:20:9-22:45
116            android:name="com.google.android.gms.common.api.GoogleApiActivity"
116-->[com.google.android.gms:play-services-base:18.0.1] AndroidManifest.xml:20:19-85
117            android:exported="false"
117-->[com.google.android.gms:play-services-base:18.0.1] AndroidManifest.xml:22:19-43
118            android:theme="@android:style/Theme.Translucent.NoTitleBar" />
118-->[com.google.android.gms:play-services-base:18.0.1] AndroidManifest.xml:21:19-78
119
120        <provider
120-->[com.google.firebase:firebase-common:21.0.0] AndroidManifest.xml:23:9-28:39
121            android:name="com.google.firebase.provider.FirebaseInitProvider"
121-->[com.google.firebase:firebase-common:21.0.0] AndroidManifest.xml:24:13-77
122            android:authorities="com.network24.player.firebaseinitprovider"
122-->[com.google.firebase:firebase-common:21.0.0] AndroidManifest.xml:25:13-72
123            android:directBootAware="true"
123-->[com.google.firebase:firebase-common:21.0.0] AndroidManifest.xml:26:13-43
124            android:exported="false"
124-->[com.google.firebase:firebase-common:21.0.0] AndroidManifest.xml:27:13-37
125            android:initOrder="100" />
125-->[com.google.firebase:firebase-common:21.0.0] AndroidManifest.xml:28:13-36
126
127        <service
127-->[androidx.room:room-runtime:2.6.1] AndroidManifest.xml:24:9-28:63
128            android:name="androidx.room.MultiInstanceInvalidationService"
128-->[androidx.room:room-runtime:2.6.1] AndroidManifest.xml:25:13-74
129            android:directBootAware="true"
129-->[androidx.room:room-runtime:2.6.1] AndroidManifest.xml:26:13-43
130            android:exported="false" />
130-->[androidx.room:room-runtime:2.6.1] AndroidManifest.xml:27:13-37
131
132        <provider
132-->[androidx.emoji2:emoji2:1.3.0] AndroidManifest.xml:24:9-32:20
133            android:name="androidx.startup.InitializationProvider"
133-->[androidx.emoji2:emoji2:1.3.0] AndroidManifest.xml:25:13-67
134            android:authorities="com.network24.player.androidx-startup"
134-->[androidx.emoji2:emoji2:1.3.0] AndroidManifest.xml:26:13-68
135            android:exported="false" >
135-->[androidx.emoji2:emoji2:1.3.0] AndroidManifest.xml:27:13-37
136            <meta-data
136-->[androidx.emoji2:emoji2:1.3.0] AndroidManifest.xml:29:13-31:52
137                android:name="androidx.emoji2.text.EmojiCompatInitializer"
137-->[androidx.emoji2:emoji2:1.3.0] AndroidManifest.xml:30:17-75
138                android:value="androidx.startup" />
138-->[androidx.emoji2:emoji2:1.3.0] AndroidManifest.xml:31:17-49
139            <meta-data
139-->[androidx.lifecycle:lifecycle-process:2.7.0] AndroidManifest.xml:29:13-31:52
140                android:name="androidx.lifecycle.ProcessLifecycleInitializer"
140-->[androidx.lifecycle:lifecycle-process:2.7.0] AndroidManifest.xml:30:17-78
141                android:value="androidx.startup" />
141-->[androidx.lifecycle:lifecycle-process:2.7.0] AndroidManifest.xml:31:17-49
142            <meta-data
142-->[androidx.profileinstaller:profileinstaller:1.4.0] AndroidManifest.xml:29:13-31:52
143                android:name="androidx.profileinstaller.ProfileInstallerInitializer"
143-->[androidx.profileinstaller:profileinstaller:1.4.0] AndroidManifest.xml:30:17-85
144                android:value="androidx.startup" />
144-->[androidx.profileinstaller:profileinstaller:1.4.0] AndroidManifest.xml:31:17-49
145        </provider>
146
147        <meta-data
147-->[com.google.android.gms:play-services-basement:18.3.0] AndroidManifest.xml:21:9-23:69
148            android:name="com.google.android.gms.version"
148-->[com.google.android.gms:play-services-basement:18.3.0] AndroidManifest.xml:22:13-58
149            android:value="@integer/google_play_services_version" />
149-->[com.google.android.gms:play-services-basement:18.3.0] AndroidManifest.xml:23:13-66
150
151        <receiver
151-->[androidx.profileinstaller:profileinstaller:1.4.0] AndroidManifest.xml:34:9-52:20
152            android:name="androidx.profileinstaller.ProfileInstallReceiver"
152-->[androidx.profileinstaller:profileinstaller:1.4.0] AndroidManifest.xml:35:13-76
153            android:directBootAware="false"
153-->[androidx.profileinstaller:profileinstaller:1.4.0] AndroidManifest.xml:36:13-44
154            android:enabled="true"
154-->[androidx.profileinstaller:profileinstaller:1.4.0] AndroidManifest.xml:37:13-35
155            android:exported="true"
155-->[androidx.profileinstaller:profileinstaller:1.4.0] AndroidManifest.xml:38:13-36
156            android:permission="android.permission.DUMP" >
156-->[androidx.profileinstaller:profileinstaller:1.4.0] AndroidManifest.xml:39:13-57
157            <intent-filter>
157-->[androidx.profileinstaller:profileinstaller:1.4.0] AndroidManifest.xml:40:13-42:29
158                <action android:name="androidx.profileinstaller.action.INSTALL_PROFILE" />
158-->[androidx.profileinstaller:profileinstaller:1.4.0] AndroidManifest.xml:41:17-91
158-->[androidx.profileinstaller:profileinstaller:1.4.0] AndroidManifest.xml:41:25-88
159            </intent-filter>
160            <intent-filter>
160-->[androidx.profileinstaller:profileinstaller:1.4.0] AndroidManifest.xml:43:13-45:29
161                <action android:name="androidx.profileinstaller.action.SKIP_FILE" />
161-->[androidx.profileinstaller:profileinstaller:1.4.0] AndroidManifest.xml:44:17-85
161-->[androidx.profileinstaller:profileinstaller:1.4.0] AndroidManifest.xml:44:25-82
162            </intent-filter>
163            <intent-filter>
163-->[androidx.profileinstaller:profileinstaller:1.4.0] AndroidManifest.xml:46:13-48:29
164                <action android:name="androidx.profileinstaller.action.SAVE_PROFILE" />
164-->[androidx.profileinstaller:profileinstaller:1.4.0] AndroidManifest.xml:47:17-88
164-->[androidx.profileinstaller:profileinstaller:1.4.0] AndroidManifest.xml:47:25-85
165            </intent-filter>
166            <intent-filter>
166-->[androidx.profileinstaller:profileinstaller:1.4.0] AndroidManifest.xml:49:13-51:29
167                <action android:name="androidx.profileinstaller.action.BENCHMARK_OPERATION" />
167-->[androidx.profileinstaller:profileinstaller:1.4.0] AndroidManifest.xml:50:17-95
167-->[androidx.profileinstaller:profileinstaller:1.4.0] AndroidManifest.xml:50:25-92
168            </intent-filter>
169        </receiver>
170    </application>
171
172</manifest>